INFO:werkzeug: * Running on http://127.0.0.1:5000/ (Press CTRL+C to quit)
INFO:werkzeug: * Running on http://127.0.0.1:5000/ (Press CTRL+C to quit)
INFO:werkzeug: * Running on http://127.0.0.1:5000/ (Press CTRL+C to quit)
INFO:werkzeug: * Running on http://127.0.0.1:5004/ (Press CTRL+C to quit)
INFO:root:Id : 800 -FlowName key  missing
INFO:werkzeug:127.0.0.1 - - [04/Mar/2021 05:09:20] "[37mGET /telnet?reqNo=800 HTTP/1.1[0m" 200 -
INFO:root:Id : 781 - flow name : ssh
INFO:root:Id : 781 - Executing Step1
INFO:root:Id : 781 - Action - Connect
INFO:root:Id : 781 - Executing Step2
INFO:root:Id : 781 - Action - Run a Command
INFO:root:Id : 781 - command - uptime
INFO:root:Id : 781 - Executing Step3
INFO:root:Id : 781 - Action - Parse the Output
INFO:root:Id : 781 - Executing Step4
INFO:root:Id : 781 - Action - Add Text Message
INFO:root:Id : 781 - Text message : {time}
INFO:root:Id : 781 - flow name : ssh
INFO:root:Id : 781 - Executing Step1
INFO:root:Id : 781 - Action - Connect
INFO:root:Id : 781 - Executing Step2
INFO:root:Id : 781 - Action - Run a Command
INFO:root:Id : 781 - command - uptime
INFO:root:Id : 781 - Executing Step3
INFO:root:Id : 781 - Action - Parse the Output
INFO:root:Id : 781 - Executing Step4
INFO:root:Id : 781 - Action - Add Text Message
INFO:root:Id : 781 - Text message : {time}
INFO:root:Id : 781 - flow name : ssh
INFO:root:Id : 781 - Executing Step1
INFO:root:Id : 781 - Action - Connect
INFO:root:Id : 781 - flow name : ssh
INFO:root:Id : 781 - Executing Step1
INFO:root:Id : 781 - Action - Connect
INFO:root:Id : 781 - flow name : ssh
INFO:root:Id : 781 - Executing Step1
INFO:root:Id : 781 - Action - Connect
INFO:root:Id : 781 - Executing Step2
INFO:root:Id : 781 - Action - Run a Command
INFO:root:Id : 781 - command - uptime
INFO:root:Id : 781 - Executing Step3
INFO:root:Id : 781 - Action - Parse the Output
INFO:root:Id : 781 - Executing Step4
INFO:root:Id : 781 - Action - Add Text Message
INFO:root:Id : 781 - Text message : {time}
INFO:root:Id : 781 - flow name : ssh
INFO:root:Id : 781 - Executing Step1
INFO:root:Id : 781 - Action - Connect
INFO:root:Id : 781 - flow name : ssh
INFO:root:Id : 781 - Executing Step1
INFO:root:Id : 781 - Action - Connect
INFO:root:Id : 781 - Executing Step2
INFO:root:Id : 781 - Action - Run a Command
INFO:root:Id : 781 - command - uptime
INFO:root:Id : 781 - flow name : ssh
INFO:root:Id : 781 - Executing Step1
INFO:root:Id : 781 - Action - Connect
INFO:root:Id : 781 - Executing Step2
INFO:root:Id : 781 - Action - Run a Command
INFO:root:Id : 781 - command - uptime
INFO:root:Id : 781 - Executing Step3
INFO:root:Id : 781 - Action - Parse the Output
INFO:root:Id : 781 - Executing Step4
INFO:root:Id : 781 - Action - Add Text Message
INFO:root:Id : 781 - Text message : {time}
